C:\USERS\GERALVARADO\DESKTOP\LENS_WINAPI\LENS_WINAPI\DEBUG\LENS_WINAPI.EXE
C:\USERS\GERALVARADO\DESKTOP\LENS_WINAPI\LENS_WINAPI\DEBUG\LENS_WINAPI.ILK
C:\USERS\GERALVARADO\DESKTOP\LENS_WINAPI\LENS_WINAPI\DEBUG\LENS_WINAPI.PDB
C:\USERS\GERALVARADO\DESKTOP\LENS_WINAPI\LENS_WINAPI\LENS_WINAPI\DEBUG\MAIN.OBJ
C:\USERS\GERALVARADO\DESKTOP\LENS_WINAPI\LENS_WINAPI\LENS_WINAPI\DEBUG\VC110.PDB
C:\USERS\GERALVARADO\DESKTOP\LENS_WINAPI\OTRO\LENS_WINAPI\LENS_WINAPI\DEBUG\LENS_WINAPI.EXE
C:\USERS\GERALVARADO\DESKTOP\LENS_WINAPI\OTRO\LENS_WINAPI\LENS_WINAPI\DEBUG\LENS_WINAPI.ILK
C:\USERS\GERALVARADO\DESKTOP\LENS_WINAPI\OTRO\LENS_WINAPI\LENS_WINAPI\DEBUG\LENS_WINAPI.PDB
C:\USERS\GERALVARADO\DESKTOP\LENS_WINAPI\OTRO\LENS_WINAPI\LENS_WINAPI\LENS_WINAPI\DEBUG\MAIN.OBJ
C:\USERS\GERALVARADO\DESKTOP\LENS_WINAPI\OTRO\LENS_WINAPI\LENS_WINAPI\LENS_WINAPI\DEBUG\VC110.PDB
F:\ \LENS_WinAPI (Usando)\LENS_WinAPI\Debug\cl.command.1.tlog
F:\ \LENS_WinAPI (Usando)\LENS_WinAPI\Debug\CL.read.1.tlog
F:\ \LENS_WinAPI (Usando)\LENS_WinAPI\Debug\CL.write.1.tlog
F:\ \LENS_WinAPI (Usando)\LENS_WinAPI\Debug\link.command.1.tlog
F:\ \LENS_WinAPI (Usando)\LENS_WinAPI\Debug\link.read.1.tlog
F:\ \LENS_WinAPI (Usando)\LENS_WinAPI\Debug\link.write.1.tlog
F:\ \LENS_WinAPI (Usando)\LENS_WinAPI\Debug\link-cvtres.read.1.tlog
F:\ \LENS_WinAPI (Usando)\LENS_WinAPI\Debug\link-cvtres.write.1.tlog
F:\ \LENS_WinAPI (Usando)\LENS_WinAPI\Debug\link-rc.read.1.tlog
F:\ \LENS_WinAPI (Usando)\LENS_WinAPI\Debug\link-rc.write.1.tlog
F:\ \LENS_WinAPI (Usando)\LENS_WinAPI\Debug\vc110.idb
F:\ \LENS_WinAPI (Usando)\LENS_WinAPI\Debug\vc110.pdb
F:\ \LENS_WinAPI (Usando)\LENS_WinAPI\Debug\vc120.idb
F:\ \LENS_WinAPI (Usando)\LENS_WinAPI\Debug\vc120.pdb
